<?xml version="1.0" encoding="UTF-8"?>
<testsuites name="jest tests" tests="4" failures="0" time="2.235">
  <testsuite name="Contacts APP" errors="0" failures="0" skipped="0" timestamp="2020-05-05T03:34:14" time="1.872" tests="4">
    <testcase classname="Contacts APP Should render Contact component" name="Contacts APP Should render Contact component" time="0.023">
    </testcase>
    <testcase classname="Contacts APP Should render Contacts component" name="Contacts APP Should render Contacts component" time="0.047">
    </testcase>
    <testcase classname="Contacts APP Should render Filters component" name="Contacts APP Should render Filters component" time="0.005">
    </testcase>
    <testcase classname="Contacts APP Should render Topbar component" name="Contacts APP Should render Topbar component" time="0.004">
    </testcase>
  </testsuite>
</testsuites>